c:\users\srinity\documents\mentoring\samilein_2019-2020\capstone-code\leddarsdk\src\leddarconfigurator4\x64\release\leddarconfigurator4.pdb
c:\users\srinity\documents\mentoring\samilein_2019-2020\capstone-code\leddarsdk\src\leddarconfigurator4\x64\release\sync.obj
c:\users\srinity\documents\mentoring\samilein_2019-2020\capstone-code\leddarsdk\src\leddarconfigurator4\x64\release\strerror.obj
c:\users\srinity\documents\mentoring\samilein_2019-2020\capstone-code\leddarsdk\src\leddarconfigurator4\x64\release\windows_winusb.obj
c:\users\srinity\documents\mentoring\samilein_2019-2020\capstone-code\leddarsdk\src\leddarconfigurator4\x64\release\windows_nt_common.obj
c:\users\srinity\documents\mentoring\samilein_2019-2020\capstone-code\leddarsdk\src\leddarconfigurator4\x64\release\threads_windows.obj
c:\users\srinity\documents\mentoring\samilein_2019-2020\capstone-code\leddarsdk\src\leddarconfigurator4\x64\release\poll_windows.obj
c:\users\srinity\documents\mentoring\samilein_2019-2020\capstone-code\leddarsdk\src\leddarconfigurator4\x64\release\io.obj
c:\users\srinity\documents\mentoring\samilein_2019-2020\capstone-code\leddarsdk\src\leddarconfigurator4\x64\release\hotplug.obj
c:\users\srinity\documents\mentoring\samilein_2019-2020\capstone-code\leddarsdk\src\leddarconfigurator4\x64\release\descriptor.obj
c:\users\srinity\documents\mentoring\samilein_2019-2020\capstone-code\leddarsdk\src\leddarconfigurator4\x64\release\core.obj
c:\users\srinity\documents\mentoring\samilein_2019-2020\capstone-code\leddarsdk\src\leddarconfigurator4\x64\release\modbus.obj
c:\users\srinity\documents\mentoring\samilein_2019-2020\capstone-code\leddarsdk\src\leddarconfigurator4\x64\release\modbus-tcp.obj
c:\users\srinity\documents\mentoring\samilein_2019-2020\capstone-code\leddarsdk\src\leddarconfigurator4\x64\release\modbus-rtu.obj
c:\users\srinity\documents\mentoring\samilein_2019-2020\capstone-code\leddarsdk\src\leddarconfigurator4\x64\release\modbus-lt.obj
c:\users\srinity\documents\mentoring\samilein_2019-2020\capstone-code\leddarsdk\src\leddarconfigurator4\x64\release\modbus-data.obj
c:\users\srinity\documents\mentoring\samilein_2019-2020\capstone-code\leddarsdk\src\leddarconfigurator4\x64\release\komodo.obj
c:\users\srinity\documents\mentoring\samilein_2019-2020\capstone-code\leddarsdk\src\leddarconfigurator4\x64\release\lddevice.obj
c:\users\srinity\documents\mentoring\samilein_2019-2020\capstone-code\leddarsdk\src\leddarconfigurator4\x64\release\ldconnectionuniversalspi.obj
c:\users\srinity\documents\mentoring\samilein_2019-2020\capstone-code\leddarsdk\src\leddarconfigurator4\x64\release\ldconnectionuniversalmodbus.obj
c:\users\srinity\documents\mentoring\samilein_2019-2020\capstone-code\leddarsdk\src\leddarconfigurator4\x64\release\ldconnectionuniversalcan.obj
c:\users\srinity\documents\mentoring\samilein_2019-2020\capstone-code\leddarsdk\src\leddarconfigurator4\x64\release\ldconnectionuniversal.obj
c:\users\srinity\documents\mentoring\samilein_2019-2020\capstone-code\leddarsdk\src\leddarconfigurator4\x64\release\ldconnectioninfo.obj
c:\users\srinity\documents\mentoring\samilein_2019-2020\capstone-code\leddarsdk\src\leddarconfigurator4\x64\release\ldconnectionfactory.obj
c:\users\srinity\documents\mentoring\samilein_2019-2020\capstone-code\leddarsdk\src\leddarconfigurator4\x64\release\ldconnection.obj
c:\users\srinity\documents\mentoring\samilein_2019-2020\capstone-code\leddarsdk\src\leddarconfigurator4\x64\release\ldcarrierenhancedmodbus.obj
c:\users\srinity\documents\mentoring\samilein_2019-2020\capstone-code\leddarsdk\src\leddarconfigurator4\x64\release\ldcankomodo.obj
c:\users\srinity\documents\mentoring\samilein_2019-2020\capstone-code\leddarsdk\src\leddarconfigurator4\x64\release\ldbufferproperty.obj
c:\users\srinity\documents\mentoring\samilein_2019-2020\capstone-code\leddarsdk\src\leddarconfigurator4\x64\release\ldboolproperty.obj
c:\users\srinity\documents\mentoring\samilein_2019-2020\capstone-code\leddarsdk\src\leddarconfigurator4\x64\release\ldbitfieldproperty.obj
c:\users\srinity\documents\mentoring\samilein_2019-2020\capstone-code\leddarsdk\src\leddarconfigurator4\x64\release\lttimeutils.obj
c:\users\srinity\documents\mentoring\samilein_2019-2020\capstone-code\leddarsdk\src\leddarconfigurator4\x64\release\ltsystemutils.obj
c:\users\srinity\documents\mentoring\samilein_2019-2020\capstone-code\leddarsdk\src\leddarconfigurator4\x64\release\ltstringutils.obj
c:\users\srinity\documents\mentoring\samilein_2019-2020\capstone-code\leddarsdk\src\leddarconfigurator4\x64\release\ltmathutils.obj
c:\users\srinity\documents\mentoring\samilein_2019-2020\capstone-code\leddarsdk\src\leddarconfigurator4\x64\release\ltkeyboardutils.obj
c:\users\srinity\documents\mentoring\samilein_2019-2020\capstone-code\leddarsdk\src\leddarconfigurator4\x64\release\ltfileutils.obj
c:\users\srinity\documents\mentoring\samilein_2019-2020\capstone-code\leddarsdk\src\leddarconfigurator4\x64\release\ltcrcutils.obj
c:\users\srinity\documents\mentoring\samilein_2019-2020\capstone-code\leddarsdk\src\leddarconfigurator4\x64\release\ldresultprovider.obj
c:\users\srinity\documents\mentoring\samilein_2019-2020\capstone-code\leddarsdk\src\leddarconfigurator4\x64\release\ldresultechoes.obj
c:\users\srinity\documents\mentoring\samilein_2019-2020\capstone-code\leddarsdk\src\leddarconfigurator4\x64\release\ldrecordplayer.obj
c:\users\srinity\documents\mentoring\samilein_2019-2020\capstone-code\leddarsdk\src\leddarconfigurator4\x64\release\ldprotocolleddartechusb.obj
c:\users\srinity\documents\mentoring\samilein_2019-2020\capstone-code\leddarsdk\src\leddarconfigurator4\x64\release\ldprotocolleddartech.obj
c:\users\srinity\documents\mentoring\samilein_2019-2020\capstone-code\leddarsdk\src\leddarconfigurator4\x64\release\ldprotocolcan.obj
c:\users\srinity\documents\mentoring\samilein_2019-2020\capstone-code\leddarsdk\src\leddarconfigurator4\x64\release\ldproperty.obj
c:\users\srinity\documents\mentoring\samilein_2019-2020\capstone-code\leddarsdk\src\leddarconfigurator4\x64\release\ldpropertiescontainer.obj
c:\users\srinity\documents\mentoring\samilein_2019-2020\capstone-code\leddarsdk\src\leddarconfigurator4\x64\release\ldobject.obj
c:\users\srinity\documents\mentoring\samilein_2019-2020\capstone-code\leddarsdk\src\leddarconfigurator4\x64\release\ldljrrecordreader.obj
c:\users\srinity\documents\mentoring\samilein_2019-2020\capstone-code\leddarsdk\src\leddarconfigurator4\x64\release\ldljrrecorder.obj
c:\users\srinity\documents\mentoring\samilein_2019-2020\capstone-code\leddarsdk\src\leddarconfigurator4\x64\release\ldlibusb.obj
c:\users\srinity\documents\mentoring\samilein_2019-2020\capstone-code\leddarsdk\src\leddarconfigurator4\x64\release\ldlibmodbusserial.obj
c:\users\srinity\documents\mentoring\samilein_2019-2020\capstone-code\leddarsdk\src\leddarconfigurator4\x64\release\ldinterfacecan.obj
c:\users\srinity\documents\mentoring\samilein_2019-2020\capstone-code\leddarsdk\src\leddarconfigurator4\x64\release\ldintegerproperty.obj
c:\users\srinity\documents\mentoring\samilein_2019-2020\capstone-code\leddarsdk\src\leddarconfigurator4\x64\release\ldfloatproperty.obj
c:\users\srinity\documents\mentoring\samilein_2019-2020\capstone-code\leddarsdk\src\leddarconfigurator4\x64\release\ldethernet.obj
c:\users\srinity\documents\mentoring\samilein_2019-2020\capstone-code\leddarsdk\src\leddarconfigurator4\x64\release\ldenumproperty.obj
c:\users\srinity\documents\mentoring\samilein_2019-2020\capstone-code\leddarsdk\src\leddarconfigurator4\x64\release\lddoublebuffer.obj
c:\users\srinity\documents\mentoring\samilein_2019-2020\capstone-code\leddarsdk\src\leddarconfigurator4\x64\release\lddevicefactory.obj
c:\users\srinity\documents\mentoring\samilein_2019-2020\capstone-code\leddarsdk\src\leddarconfigurator4\x64\release\ldtextproperty.obj
c:\users\srinity\documents\mentoring\samilein_2019-2020\capstone-code\leddarsdk\src\leddarconfigurator4\x64\release\ldspiftdi.obj
c:\users\srinity\documents\mentoring\samilein_2019-2020\capstone-code\leddarsdk\src\leddarconfigurator4\x64\release\ldsensorvu8modbus.obj
c:\users\srinity\documents\mentoring\samilein_2019-2020\capstone-code\leddarsdk\src\leddarconfigurator4\x64\release\ldsensorvu8can.obj
c:\users\srinity\documents\mentoring\samilein_2019-2020\capstone-code\leddarsdk\src\leddarconfigurator4\x64\release\ldsensorvu8.obj
c:\users\srinity\documents\mentoring\samilein_2019-2020\capstone-code\leddarsdk\src\leddarconfigurator4\x64\release\ldsensorvu.obj
c:\users\srinity\documents\mentoring\samilein_2019-2020\capstone-code\leddarsdk\src\leddarconfigurator4\x64\release\ldsensoronemodbus.obj
c:\users\srinity\documents\mentoring\samilein_2019-2020\capstone-code\leddarsdk\src\leddarconfigurator4\x64\release\ldsensorm16modbus.obj
c:\users\srinity\documents\mentoring\samilein_2019-2020\capstone-code\leddarsdk\src\leddarconfigurator4\x64\release\ldsensorm16laser.obj
c:\users\srinity\documents\mentoring\samilein_2019-2020\capstone-code\leddarsdk\src\leddarconfigurator4\x64\release\ldsensorm16can.obj
c:\users\srinity\documents\mentoring\samilein_2019-2020\capstone-code\leddarsdk\src\leddarconfigurator4\x64\release\ldsensorm16.obj
c:\users\srinity\documents\mentoring\samilein_2019-2020\capstone-code\leddarsdk\src\leddarconfigurator4\x64\release\ldsensoris16.obj
c:\users\srinity\documents\mentoring\samilein_2019-2020\capstone-code\leddarsdk\src\leddarconfigurator4\x64\release\ldsensor.obj
c:\users\srinity\documents\mentoring\samilein_2019-2020\capstone-code\leddarsdk\src\leddarconfigurator4\x64\release\ldresultstates.obj
c:\users\srinity\documents\mentoring\samilein_2019-2020\capstone-code\leddarsdk\src\leddarconfigurator4\x64\release\leddarconfigurator4.lib
c:\users\srinity\documents\mentoring\samilein_2019-2020\capstone-code\leddarsdk\src\leddarconfigurator4\x64\release\leddarco.b8890363.tlog\cl.command.1.tlog
c:\users\srinity\documents\mentoring\samilein_2019-2020\capstone-code\leddarsdk\src\leddarconfigurator4\x64\release\leddarco.b8890363.tlog\cl.read.1.tlog
c:\users\srinity\documents\mentoring\samilein_2019-2020\capstone-code\leddarsdk\src\leddarconfigurator4\x64\release\leddarco.b8890363.tlog\cl.write.1.tlog
c:\users\srinity\documents\mentoring\samilein_2019-2020\capstone-code\leddarsdk\src\leddarconfigurator4\x64\release\leddarco.b8890363.tlog\lib-link.read.1.tlog
c:\users\srinity\documents\mentoring\samilein_2019-2020\capstone-code\leddarsdk\src\leddarconfigurator4\x64\release\leddarco.b8890363.tlog\lib-link.write.1.tlog
c:\users\srinity\documents\mentoring\samilein_2019-2020\capstone-code\leddarsdk\src\leddarconfigurator4\x64\release\leddarco.b8890363.tlog\lib.command.1.tlog
