c:\users\srinity\documents\mentoring\samilein_2019-2020\capstone-code\leddarsdk\src\leddarconfigurator4\x64\debug\leddarconfigurator4.pdb
c:\users\srinity\documents\mentoring\samilein_2019-2020\capstone-code\leddarsdk\src\leddarconfigurator4\x64\debug\sync.obj
c:\users\srinity\documents\mentoring\samilein_2019-2020\capstone-code\leddarsdk\src\leddarconfigurator4\x64\debug\strerror.obj
c:\users\srinity\documents\mentoring\samilein_2019-2020\capstone-code\leddarsdk\src\leddarconfigurator4\x64\debug\windows_winusb.obj
c:\users\srinity\documents\mentoring\samilein_2019-2020\capstone-code\leddarsdk\src\leddarconfigurator4\x64\debug\windows_nt_common.obj
c:\users\srinity\documents\mentoring\samilein_2019-2020\capstone-code\leddarsdk\src\leddarconfigurator4\x64\debug\threads_windows.obj
c:\users\srinity\documents\mentoring\samilein_2019-2020\capstone-code\leddarsdk\src\leddarconfigurator4\x64\debug\poll_windows.obj
c:\users\srinity\documents\mentoring\samilein_2019-2020\capstone-code\leddarsdk\src\leddarconfigurator4\x64\debug\io.obj
c:\users\srinity\documents\mentoring\samilein_2019-2020\capstone-code\leddarsdk\src\leddarconfigurator4\x64\debug\hotplug.obj
c:\users\srinity\documents\mentoring\samilein_2019-2020\capstone-code\leddarsdk\src\leddarconfigurator4\x64\debug\descriptor.obj
c:\users\srinity\documents\mentoring\samilein_2019-2020\capstone-code\leddarsdk\src\leddarconfigurator4\x64\debug\core.obj
c:\users\srinity\documents\mentoring\samilein_2019-2020\capstone-code\leddarsdk\src\leddarconfigurator4\x64\debug\modbus.obj
c:\users\srinity\documents\mentoring\samilein_2019-2020\capstone-code\leddarsdk\src\leddarconfigurator4\x64\debug\modbus-tcp.obj
c:\users\srinity\documents\mentoring\samilein_2019-2020\capstone-code\leddarsdk\src\leddarconfigurator4\x64\debug\modbus-rtu.obj
c:\users\srinity\documents\mentoring\samilein_2019-2020\capstone-code\leddarsdk\src\leddarconfigurator4\x64\debug\modbus-lt.obj
c:\users\srinity\documents\mentoring\samilein_2019-2020\capstone-code\leddarsdk\src\leddarconfigurator4\x64\debug\modbus-data.obj
c:\users\srinity\documents\mentoring\samilein_2019-2020\capstone-code\leddarsdk\src\leddarconfigurator4\x64\debug\komodo.obj
c:\users\srinity\documents\mentoring\samilein_2019-2020\capstone-code\leddarsdk\src\leddarconfigurator4\x64\debug\lddevice.obj
c:\users\srinity\documents\mentoring\samilein_2019-2020\capstone-code\leddarsdk\src\leddarconfigurator4\x64\debug\ldconnectionuniversalspi.obj
c:\users\srinity\documents\mentoring\samilein_2019-2020\capstone-code\leddarsdk\src\leddarconfigurator4\x64\debug\ldconnectionuniversalmodbus.obj
c:\users\srinity\documents\mentoring\samilein_2019-2020\capstone-code\leddarsdk\src\leddarconfigurator4\x64\debug\ldconnectionuniversalcan.obj
c:\users\srinity\documents\mentoring\samilein_2019-2020\capstone-code\leddarsdk\src\leddarconfigurator4\x64\debug\ldconnectionuniversal.obj
c:\users\srinity\documents\mentoring\samilein_2019-2020\capstone-code\leddarsdk\src\leddarconfigurator4\x64\debug\ldconnectioninfo.obj
c:\users\srinity\documents\mentoring\samilein_2019-2020\capstone-code\leddarsdk\src\leddarconfigurator4\x64\debug\ldconnectionfactory.obj
c:\users\srinity\documents\mentoring\samilein_2019-2020\capstone-code\leddarsdk\src\leddarconfigurator4\x64\debug\ldconnection.obj
c:\users\srinity\documents\mentoring\samilein_2019-2020\capstone-code\leddarsdk\src\leddarconfigurator4\x64\debug\ldcarrierenhancedmodbus.obj
c:\users\srinity\documents\mentoring\samilein_2019-2020\capstone-code\leddarsdk\src\leddarconfigurator4\x64\debug\ldcankomodo.obj
c:\users\srinity\documents\mentoring\samilein_2019-2020\capstone-code\leddarsdk\src\leddarconfigurator4\x64\debug\ldbufferproperty.obj
c:\users\srinity\documents\mentoring\samilein_2019-2020\capstone-code\leddarsdk\src\leddarconfigurator4\x64\debug\ldboolproperty.obj
c:\users\srinity\documents\mentoring\samilein_2019-2020\capstone-code\leddarsdk\src\leddarconfigurator4\x64\debug\ldbitfieldproperty.obj
c:\users\srinity\documents\mentoring\samilein_2019-2020\capstone-code\leddarsdk\src\leddarconfigurator4\x64\debug\lttimeutils.obj
c:\users\srinity\documents\mentoring\samilein_2019-2020\capstone-code\leddarsdk\src\leddarconfigurator4\x64\debug\ltsystemutils.obj
c:\users\srinity\documents\mentoring\samilein_2019-2020\capstone-code\leddarsdk\src\leddarconfigurator4\x64\debug\ltstringutils.obj
c:\users\srinity\documents\mentoring\samilein_2019-2020\capstone-code\leddarsdk\src\leddarconfigurator4\x64\debug\ltmathutils.obj
c:\users\srinity\documents\mentoring\samilein_2019-2020\capstone-code\leddarsdk\src\leddarconfigurator4\x64\debug\ltkeyboardutils.obj
c:\users\srinity\documents\mentoring\samilein_2019-2020\capstone-code\leddarsdk\src\leddarconfigurator4\x64\debug\ltfileutils.obj
c:\users\srinity\documents\mentoring\samilein_2019-2020\capstone-code\leddarsdk\src\leddarconfigurator4\x64\debug\ltcrcutils.obj
c:\users\srinity\documents\mentoring\samilein_2019-2020\capstone-code\leddarsdk\src\leddarconfigurator4\x64\debug\ldresultprovider.obj
c:\users\srinity\documents\mentoring\samilein_2019-2020\capstone-code\leddarsdk\src\leddarconfigurator4\x64\debug\ldresultechoes.obj
c:\users\srinity\documents\mentoring\samilein_2019-2020\capstone-code\leddarsdk\src\leddarconfigurator4\x64\debug\ldrecordplayer.obj
c:\users\srinity\documents\mentoring\samilein_2019-2020\capstone-code\leddarsdk\src\leddarconfigurator4\x64\debug\ldprotocolleddartechusb.obj
c:\users\srinity\documents\mentoring\samilein_2019-2020\capstone-code\leddarsdk\src\leddarconfigurator4\x64\debug\ldprotocolleddartech.obj
c:\users\srinity\documents\mentoring\samilein_2019-2020\capstone-code\leddarsdk\src\leddarconfigurator4\x64\debug\ldprotocolcan.obj
c:\users\srinity\documents\mentoring\samilein_2019-2020\capstone-code\leddarsdk\src\leddarconfigurator4\x64\debug\ldproperty.obj
c:\users\srinity\documents\mentoring\samilein_2019-2020\capstone-code\leddarsdk\src\leddarconfigurator4\x64\debug\ldpropertiescontainer.obj
c:\users\srinity\documents\mentoring\samilein_2019-2020\capstone-code\leddarsdk\src\leddarconfigurator4\x64\debug\ldobject.obj
c:\users\srinity\documents\mentoring\samilein_2019-2020\capstone-code\leddarsdk\src\leddarconfigurator4\x64\debug\ldljrrecordreader.obj
c:\users\srinity\documents\mentoring\samilein_2019-2020\capstone-code\leddarsdk\src\leddarconfigurator4\x64\debug\ldljrrecorder.obj
c:\users\srinity\documents\mentoring\samilein_2019-2020\capstone-code\leddarsdk\src\leddarconfigurator4\x64\debug\ldlibusb.obj
c:\users\srinity\documents\mentoring\samilein_2019-2020\capstone-code\leddarsdk\src\leddarconfigurator4\x64\debug\ldlibmodbusserial.obj
c:\users\srinity\documents\mentoring\samilein_2019-2020\capstone-code\leddarsdk\src\leddarconfigurator4\x64\debug\ldinterfacecan.obj
c:\users\srinity\documents\mentoring\samilein_2019-2020\capstone-code\leddarsdk\src\leddarconfigurator4\x64\debug\ldintegerproperty.obj
c:\users\srinity\documents\mentoring\samilein_2019-2020\capstone-code\leddarsdk\src\leddarconfigurator4\x64\debug\ldfloatproperty.obj
c:\users\srinity\documents\mentoring\samilein_2019-2020\capstone-code\leddarsdk\src\leddarconfigurator4\x64\debug\ldethernet.obj
c:\users\srinity\documents\mentoring\samilein_2019-2020\capstone-code\leddarsdk\src\leddarconfigurator4\x64\debug\ldenumproperty.obj
c:\users\srinity\documents\mentoring\samilein_2019-2020\capstone-code\leddarsdk\src\leddarconfigurator4\x64\debug\lddoublebuffer.obj
c:\users\srinity\documents\mentoring\samilein_2019-2020\capstone-code\leddarsdk\src\leddarconfigurator4\x64\debug\lddevicefactory.obj
c:\users\srinity\documents\mentoring\samilein_2019-2020\capstone-code\leddarsdk\src\leddarconfigurator4\x64\debug\ldtextproperty.obj
c:\users\srinity\documents\mentoring\samilein_2019-2020\capstone-code\leddarsdk\src\leddarconfigurator4\x64\debug\ldspiftdi.obj
c:\users\srinity\documents\mentoring\samilein_2019-2020\capstone-code\leddarsdk\src\leddarconfigurator4\x64\debug\ldsensorvu8modbus.obj
c:\users\srinity\documents\mentoring\samilein_2019-2020\capstone-code\leddarsdk\src\leddarconfigurator4\x64\debug\ldsensorvu8can.obj
c:\users\srinity\documents\mentoring\samilein_2019-2020\capstone-code\leddarsdk\src\leddarconfigurator4\x64\debug\ldsensorvu8.obj
c:\users\srinity\documents\mentoring\samilein_2019-2020\capstone-code\leddarsdk\src\leddarconfigurator4\x64\debug\ldsensorvu.obj
c:\users\srinity\documents\mentoring\samilein_2019-2020\capstone-code\leddarsdk\src\leddarconfigurator4\x64\debug\ldsensoronemodbus.obj
c:\users\srinity\documents\mentoring\samilein_2019-2020\capstone-code\leddarsdk\src\leddarconfigurator4\x64\debug\ldsensorm16modbus.obj
c:\users\srinity\documents\mentoring\samilein_2019-2020\capstone-code\leddarsdk\src\leddarconfigurator4\x64\debug\ldsensorm16laser.obj
c:\users\srinity\documents\mentoring\samilein_2019-2020\capstone-code\leddarsdk\src\leddarconfigurator4\x64\debug\ldsensorm16can.obj
c:\users\srinity\documents\mentoring\samilein_2019-2020\capstone-code\leddarsdk\src\leddarconfigurator4\x64\debug\ldsensorm16.obj
c:\users\srinity\documents\mentoring\samilein_2019-2020\capstone-code\leddarsdk\src\leddarconfigurator4\x64\debug\ldsensoris16.obj
c:\users\srinity\documents\mentoring\samilein_2019-2020\capstone-code\leddarsdk\src\leddarconfigurator4\x64\debug\ldsensor.obj
c:\users\srinity\documents\mentoring\samilein_2019-2020\capstone-code\leddarsdk\src\leddarconfigurator4\x64\debug\ldresultstates.obj
c:\users\srinity\documents\mentoring\samilein_2019-2020\capstone-code\leddarsdk\src\leddarconfigurator4\x64\debug\leddarconfigurator4d.lib
c:\users\srinity\documents\mentoring\samilein_2019-2020\capstone-code\leddarsdk\src\leddarconfigurator4\x64\debug\leddarco.b8890363.tlog\cl.command.1.tlog
c:\users\srinity\documents\mentoring\samilein_2019-2020\capstone-code\leddarsdk\src\leddarconfigurator4\x64\debug\leddarco.b8890363.tlog\cl.read.1.tlog
c:\users\srinity\documents\mentoring\samilein_2019-2020\capstone-code\leddarsdk\src\leddarconfigurator4\x64\debug\leddarco.b8890363.tlog\cl.write.1.tlog
c:\users\srinity\documents\mentoring\samilein_2019-2020\capstone-code\leddarsdk\src\leddarconfigurator4\x64\debug\leddarco.b8890363.tlog\lib-link.read.1.tlog
c:\users\srinity\documents\mentoring\samilein_2019-2020\capstone-code\leddarsdk\src\leddarconfigurator4\x64\debug\leddarco.b8890363.tlog\lib-link.write.1.tlog
c:\users\srinity\documents\mentoring\samilein_2019-2020\capstone-code\leddarsdk\src\leddarconfigurator4\x64\debug\leddarco.b8890363.tlog\lib.command.1.tlog
